{"/Users/medicaboo/Documents/GitHub/JavascriptAlgoritm/1-basic/3-interview/LinkedList.js": {"path":"/Users/medicaboo/Documents/GitHub/JavascriptAlgoritm/1-basic/3-interview/LinkedList.js","statementMap":{"0":{"start":{"line":3,"column":4},"end":{"line":3,"column":20}},"1":{"start":{"line":4,"column":4},"end":{"line":4,"column":19}},"2":{"start":{"line":7,"column":20},"end":{"line":7,"column":55}},"3":{"start":{"line":8,"column":4},"end":{"line":8,"column":23}},"4":{"start":{"line":9,"column":4},"end":{"line":9,"column":17}},"5":{"start":{"line":12,"column":4},"end":{"line":12,"column":54}},"6":{"start":{"line":12,"column":43},"end":{"line":12,"column":54}},"7":{"start":{"line":14,"column":18},"end":{"line":14,"column":27}},"8":{"start":{"line":15,"column":4},"end":{"line":17,"column":5}},"9":{"start":{"line":15,"column":17},"end":{"line":15,"column":18}},"10":{"start":{"line":16,"column":6},"end":{"line":16,"column":28}},"11":{"start":{"line":18,"column":4},"end":{"line":18,"column":18}},"12":{"start":{"line":24,"column":4},"end":{"line":24,"column":22}},"13":{"start":{"line":25,"column":4},"end":{"line":25,"column":20}},"14":{"start":{"line":29,"column":0},"end":{"line":35,"column":1}},"15":{"start":{"line":30,"column":13},"end":{"line":30,"column":29}},"16":{"start":{"line":31,"column":2},"end":{"line":33,"column":3}},"17":{"start":{"line":31,"column":15},"end":{"line":31,"column":32}},"18":{"start":{"line":32,"column":4},"end":{"line":32,"column":30}},"19":{"start":{"line":34,"column":2},"end":{"line":34,"column":12}},"20":{"start":{"line":37,"column":0},"end":{"line":37,"column":27}}},"fnMap":{"0":{"name":"(anonymous_0)","decl":{"start":{"line":2,"column":2},"end":{"line":2,"column":3}},"loc":{"start":{"line":2,"column":16},"end":{"line":5,"column":3}},"line":2},"1":{"name":"(anonymous_1)","decl":{"start":{"line":6,"column":2},"end":{"line":6,"column":3}},"loc":{"start":{"line":6,"column":21},"end":{"line":10,"column":3}},"line":6},"2":{"name":"(anonymous_2)","decl":{"start":{"line":11,"column":2},"end":{"line":11,"column":3}},"loc":{"start":{"line":11,"column":20},"end":{"line":19,"column":3}},"line":11},"3":{"name":"(anonymous_3)","decl":{"start":{"line":23,"column":2},"end":{"line":23,"column":3}},"loc":{"start":{"line":23,"column":27},"end":{"line":26,"column":3}},"line":23},"4":{"name":"(anonymous_4)","decl":{"start":{"line":29,"column":24},"end":{"line":29,"column":25}},"loc":{"start":{"line":29,"column":44},"end":{"line":35,"column":1}},"line":29}},"branchMap":{"0":{"loc":{"start":{"line":12,"column":4},"end":{"line":12,"column":54}},"type":"if","locations":[{"start":{"line":12,"column":4},"end":{"line":12,"column":54}},{"start":{"line":12,"column":4},"end":{"line":12,"column":54}}],"line":12},"1":{"loc":{"start":{"line":12,"column":8},"end":{"line":12,"column":41}},"type":"binary-expr","locations":[{"start":{"line":12,"column":8},"end":{"line":12,"column":17}},{"start":{"line":12,"column":21},"end":{"line":12,"column":41}}],"line":12}},"s":{"0":5,"1":5,"2":10,"3":10,"4":10,"5":4,"6":3,"7":1,"8":1,"9":1,"10":0,"11":1,"12":10,"13":10,"14":1,"15":4,"16":4,"17":4,"18":8,"19":4,"20":1},"f":{"0":5,"1":10,"2":4,"3":10,"4":4},"b":{"0":[3,1],"1":[4,3]},"_coverageSchema":"1a1c01bbd47fc00a2c39e90264f33305004495a9","hash":"8af9a839be42fc3b7a74abab49f23cc3a90a2fba"}
}
